<?xml version="1.0" encoding="UTF-8"?>
<!-- Generated by org.testng.reporters.JUnitXMLReporter -->
<testsuite ignored="2" hostname="DESKTOP-VIELCJO" failures="0" tests="1" name="Default test" time="9.921" errors="0" timestamp="2023-01-25T13:22:19 IST">
  <testcase classname="RestAssured_Non_Bdd.Rest_Get" name="Test02_Post" time="9.777"/>
  <testcase classname="RestAssured_Non_Bdd.Rest_Get" name="deteleUser" time="0.0">
    <ignored/>
  </testcase> <!-- deteleUser -->
  <testcase classname="RestAssured_Non_Bdd.Rest_Get" name="updateUser" time="0.0">
    <ignored/>
  </testcase> <!-- updateUser -->
</testsuite> <!-- Default test -->
