<?xml version="1.0" encoding="UTF-8"?>
<testng-results ignored="2" total="3" passed="1" failed="0" skipped="0">
  <reporter-output>
  </reporter-output>
  <suite started-at="2023-01-25T13:22:09 IST" name="Default suite" finished-at="2023-01-25T13:22:19 IST" duration-ms="9921">
    <groups>
    </groups>
    <test started-at="2023-01-25T13:22:09 IST" name="Default test" finished-at="2023-01-25T13:22:19 IST" duration-ms="9921">
      <class name="RestAssured_Non_Bdd.Rest_Get">
        <test-method signature="Test02_Post()[pri:0, instance:RestAssured_Non_Bdd.Rest_Get@67c33749]" started-at="2023-01-25T13:22:09 IST" name="Test02_Post" finished-at="2023-01-25T13:22:19 IST" duration-ms="9777" status="PASS">
          <reporter-output>
          </reporter-output>
        </test-method> <!-- Test02_Post -->
      </class> <!-- RestAssured_Non_Bdd.Rest_Get -->
    </test> <!-- Default test -->
  </suite> <!-- Default suite -->
</testng-results>
